TN:
SF:/Users/stevebrudz/Dev/aframe-geo-projection-component/index.js
FNF:0
FNH:0
DA:8,1
DA:9,1
DA:10,1
DA:11,1
DA:12,1
LF:5
LH:5
BRF:0
BRH:0
end_of_record
TN:
SF:/Users/stevebrudz/Dev/aframe-geo-projection-component/src/system.js
FN:15,renderToContext
FNF:1
FNH:1
FNDA:22,renderToContext
DA:1,1
DA:2,1
DA:4,1
DA:6,1
DA:16,22
DA:17,22
DA:18,22
DA:19,22
DA:20,22
LF:9
LH:9
BRF:0
BRH:0
end_of_record
TN:
SF:/Users/stevebrudz/Dev/aframe-geo-projection-component/src/renderContext.js
FN:10,ThreeJSRenderContext
FN:14,beginPath
FN:18,moveTo
FN:22,lineTo
FN:26,arc
FN:30,closePath
FN:51,toShapes
FN:64,toVertices
FN:67,(anonymous_8)
FN:68,(anonymous_9)
FN:77,(anonymous_10)
FNF:11
FNH:11
FNDA:31,ThreeJSRenderContext
FNDA:1,beginPath
FNDA:23,moveTo
FNDA:51,lineTo
FNDA:1,arc
FNDA:15,closePath
FNDA:15,toShapes
FNDA:9,toVertices
FNDA:9,(anonymous_8)
FNDA:11,(anonymous_9)
FNDA:2,(anonymous_10)
DA:11,31
DA:14,1
DA:18,1
DA:19,23
DA:22,1
DA:23,51
DA:26,1
DA:27,1
DA:30,1
DA:31,15
DA:51,1
DA:52,15
DA:64,1
DA:65,9
DA:66,9
DA:67,9
DA:68,9
DA:69,11
DA:70,9
DA:71,9
DA:72,9
DA:73,9
DA:74,9
DA:75,9
DA:77,2
DA:78,2
DA:79,2
DA:80,2
DA:85,9
DA:88,1
LF:30
LH:30
BRDA:66,0,0,9
BRDA:66,0,1,8
BRDA:69,1,0,9
BRDA:69,1,1,2
BRF:4
BRH:4
end_of_record
TN:
SF:/Users/stevebrudz/Dev/aframe-geo-projection-component/src/components/projection.js
FN:18,(anonymous_0)
FN:23,(anonymous_1)
FN:27,(anonymous_2)
FN:37,(anonymous_3)
FN:42,(anonymous_4)
FNF:5
FNH:5
FNDA:69,(anonymous_0)
FNDA:68,(anonymous_1)
FNDA:70,(anonymous_2)
FNDA:4,(anonymous_3)
FNDA:5,(anonymous_4)
DA:3,1
DA:4,1
DA:9,1
DA:19,69
DA:20,69
DA:24,68
DA:28,70
DA:29,68
DA:31,2
DA:32,2
DA:33,1
DA:38,4
DA:39,4
DA:43,5
DA:44,5
LF:15
LH:15
BRDA:28,0,0,68
BRDA:28,0,1,2
BRDA:32,1,0,1
BRDA:32,1,1,1
BRF:4
BRH:4
end_of_record
TN:
SF:/Users/stevebrudz/Dev/aframe-geo-projection-component/src/projectionUtils.js
FN:9,(anonymous_0)
FN:25,(anonymous_1)
FN:30,(anonymous_2)
FN:45,(anonymous_3)
FN:51,(anonymous_4)
FNF:5
FNH:5
FNDA:11,(anonymous_0)
FNDA:9,(anonymous_1)
FNDA:8,(anonymous_2)
FNDA:7,(anonymous_3)
FNDA:2,(anonymous_4)
DA:1,1
DA:3,1
DA:10,11
DA:11,11
DA:12,1
DA:14,10
DA:26,9
DA:27,9
DA:29,9
DA:31,8
DA:46,7
DA:47,7
DA:50,7
DA:52,2
LF:14
LH:14
BRDA:11,0,0,1
BRDA:11,0,1,10
BRF:2
BRH:2
end_of_record
TN:
SF:/Users/stevebrudz/Dev/aframe-geo-projection-component/src/constants.js
FNF:0
FNH:0
DA:2,1
DA:3,1
LF:2
LH:2
BRF:0
BRH:0
end_of_record
TN:
SF:/Users/stevebrudz/Dev/aframe-geo-projection-component/src/components/outlineRenderer.js
FN:19,(anonymous_0)
FN:26,(anonymous_1)
FN:39,(anonymous_2)
FN:47,(anonymous_3)
FNF:4
FNH:4
FNDA:17,(anonymous_0)
FNDA:22,(anonymous_1)
FNDA:19,(anonymous_2)
FNDA:6,(anonymous_3)
DA:3,1
DA:4,1
DA:9,1
DA:20,17
DA:21,17
DA:22,17
DA:23,17
DA:27,22
DA:28,21
DA:29,1
DA:31,20
DA:34,22
DA:35,1
DA:40,19
DA:41,19
DA:42,19
DA:43,6
DA:48,6
DA:49,6
DA:51,6
DA:52,6
DA:53,6
DA:54,6
DA:55,6
DA:56,6
LF:25
LH:25
BRDA:27,0,0,21
BRDA:27,0,1,1
BRDA:28,1,0,1
BRDA:28,1,1,20
BRDA:34,2,0,1
BRDA:34,2,1,21
BRDA:42,3,0,6
BRDA:42,3,1,13
BRF:8
BRH:8
end_of_record
TN:
SF:/Users/stevebrudz/Dev/aframe-geo-projection-component/src/components/shapeRenderer.js
FN:19,(anonymous_0)
FN:26,(anonymous_1)
FN:35,(anonymous_2)
FN:43,(anonymous_3)
FNF:4
FNH:4
FNDA:16,(anonymous_0)
FNDA:19,(anonymous_1)
FNDA:18,(anonymous_2)
FNDA:7,(anonymous_3)
DA:3,1
DA:4,1
DA:9,1
DA:20,16
DA:21,16
DA:22,16
DA:23,16
DA:27,19
DA:28,17
DA:30,2
DA:31,1
DA:36,18
DA:37,18
DA:38,18
DA:39,7
DA:44,7
DA:45,7
DA:46,7
DA:48,7
DA:49,7
DA:50,7
DA:51,7
DA:53,7
LF:23
LH:23
BRDA:27,0,0,17
BRDA:27,0,1,2
BRDA:30,1,0,1
BRDA:30,1,1,1
BRDA:38,2,0,7
BRDA:38,2,1,11
BRF:6
BRH:6
end_of_record
TN:
SF:/Users/stevebrudz/Dev/aframe-geo-projection-component/src/components/extrudeRenderer.js
FN:22,(anonymous_0)
FN:29,(anonymous_1)
FN:38,(anonymous_2)
FN:46,(anonymous_3)
FNF:4
FNH:4
FNDA:19,(anonymous_0)
FNDA:23,(anonymous_1)
FNDA:21,(anonymous_2)
FNDA:7,(anonymous_3)
DA:3,1
DA:4,1
DA:9,1
DA:23,19
DA:24,19
DA:25,19
DA:26,19
DA:30,23
DA:31,20
DA:33,3
DA:34,2
DA:39,21
DA:40,21
DA:41,21
DA:42,7
DA:47,7
DA:48,7
DA:49,7
DA:51,7
DA:52,7
DA:56,7
DA:57,7
DA:58,7
DA:60,7
LF:24
LH:24
BRDA:30,0,0,20
BRDA:30,0,1,3
BRDA:33,1,0,2
BRDA:33,1,1,1
BRDA:33,2,0,3
BRDA:33,2,1,2
BRDA:41,3,0,7
BRDA:41,3,1,14
BRF:8
BRH:8
end_of_record
TN:
SF:/Users/stevebrudz/Dev/aframe-geo-projection-component/src/components/geojsonLoader.js
FN:17,(anonymous_0)
FN:22,(anonymous_1)
FN:31,(anonymous_2)
FNF:3
FNH:3
FNDA:8,(anonymous_0)
FNDA:10,(anonymous_1)
FNDA:1,(anonymous_2)
DA:3,1
DA:5,1
DA:10,1
DA:18,8
DA:19,8
DA:23,10
DA:24,8
DA:26,2
DA:27,1
DA:32,1
DA:33,1
LF:11
LH:11
BRDA:23,0,0,8
BRDA:23,0,1,2
BRDA:26,1,0,1
BRDA:26,1,1,1
BRF:4
BRH:4
end_of_record
TN:
SF:/Users/stevebrudz/Dev/aframe-geo-projection-component/src/components/topojsonLoader.js
FN:21,(anonymous_0)
FN:26,(anonymous_1)
FN:35,(anonymous_2)
FN:40,(anonymous_3)
FNF:4
FNH:4
FNDA:12,(anonymous_0)
FNDA:17,(anonymous_1)
FNDA:3,(anonymous_2)
FNDA:3,(anonymous_3)
DA:3,1
DA:4,1
DA:6,1
DA:11,1
DA:22,12
DA:23,12
DA:27,17
DA:28,14
DA:30,3
DA:31,2
DA:36,3
DA:37,2
DA:41,3
DA:42,3
DA:43,3
DA:44,1
DA:46,3
DA:47,3
DA:48,1
DA:50,2
LF:20
LH:20
BRDA:27,0,0,14
BRDA:27,0,1,3
BRDA:30,1,0,2
BRDA:30,1,1,1
BRDA:30,2,0,3
BRDA:30,2,1,1
BRDA:43,3,0,1
BRDA:43,3,1,2
BRDA:47,4,0,1
BRDA:47,4,1,2
BRF:10
BRH:10
end_of_record
