TN:
SF:/Users/stevebrudz/Dev/aframe-geo-projection-component/index.js
FNF:0
FNH:0
DA:8,1
DA:9,1
DA:10,1
DA:11,1
DA:12,1
LF:5
LH:5
BRF:0
BRH:0
end_of_record
TN:
SF:/Users/stevebrudz/Dev/aframe-geo-projection-component/src/system.js
FN:15,renderToContext
FNF:1
FNH:1
FNDA:26,renderToContext
DA:1,1
DA:2,1
DA:4,1
DA:6,1
DA:16,26
DA:17,26
DA:18,26
DA:19,26
DA:20,26
LF:9
LH:9
BRF:0
BRH:0
end_of_record
TN:
SF:/Users/stevebrudz/Dev/aframe-geo-projection-component/src/renderContext.js
FN:10,ThreeJSRenderContext
FN:14,beginPath
FN:18,moveTo
FN:22,lineTo
FN:26,arc
FN:30,closePath
FN:51,toShapes
FN:64,toVertices
FN:67,(anonymous_8)
FN:68,(anonymous_9)
FN:77,(anonymous_10)
FNF:11
FNH:11
FNDA:35,ThreeJSRenderContext
FNDA:1,beginPath
FNDA:27,moveTo
FNDA:61,lineTo
FNDA:1,arc
FNDA:18,closePath
FNDA:18,toShapes
FNDA:10,toVertices
FNDA:10,(anonymous_8)
FNDA:12,(anonymous_9)
FNDA:2,(anonymous_10)
DA:11,35
DA:14,1
DA:18,1
DA:19,27
DA:22,1
DA:23,61
DA:26,1
DA:27,1
DA:30,1
DA:31,18
DA:51,1
DA:52,18
DA:64,1
DA:65,10
DA:66,10
DA:67,10
DA:68,10
DA:69,12
DA:70,10
DA:71,10
DA:72,10
DA:73,10
DA:74,10
DA:75,10
DA:77,2
DA:78,2
DA:79,2
DA:80,2
DA:85,10
DA:88,1
LF:30
LH:30
BRDA:66,0,0,10
BRDA:66,0,1,9
BRDA:69,1,0,10
BRDA:69,1,1,2
BRF:4
BRH:4
end_of_record
TN:
SF:/Users/stevebrudz/Dev/aframe-geo-projection-component/src/components/projection.js
FN:18,(anonymous_0)
FN:23,(anonymous_1)
FN:27,(anonymous_2)
FN:37,(anonymous_3)
FN:42,(anonymous_4)
FNF:5
FNH:5
FNDA:68,(anonymous_0)
FNDA:67,(anonymous_1)
FNDA:68,(anonymous_2)
FNDA:4,(anonymous_3)
FNDA:5,(anonymous_4)
DA:3,1
DA:4,1
DA:9,1
DA:19,68
DA:20,68
DA:24,67
DA:28,68
DA:29,67
DA:31,1
DA:32,1
DA:33,1
DA:38,4
DA:39,4
DA:43,5
DA:44,5
LF:15
LH:15
BRDA:28,0,0,67
BRDA:28,0,1,1
BRDA:32,1,0,1
BRDA:32,1,1,0
BRF:4
BRH:3
end_of_record
TN:
SF:/Users/stevebrudz/Dev/aframe-geo-projection-component/src/projectionUtils.js
FN:9,(anonymous_0)
FN:25,(anonymous_1)
FN:30,(anonymous_2)
FN:45,(anonymous_3)
FN:51,(anonymous_4)
FNF:5
FNH:5
FNDA:11,(anonymous_0)
FNDA:9,(anonymous_1)
FNDA:8,(anonymous_2)
FNDA:7,(anonymous_3)
FNDA:2,(anonymous_4)
DA:1,1
DA:3,1
DA:10,11
DA:11,11
DA:12,1
DA:14,10
DA:26,9
DA:27,9
DA:29,9
DA:31,8
DA:46,7
DA:47,7
DA:50,7
DA:52,2
LF:14
LH:14
BRDA:11,0,0,1
BRDA:11,0,1,10
BRF:2
BRH:2
end_of_record
TN:
SF:/Users/stevebrudz/Dev/aframe-geo-projection-component/src/constants.js
FNF:0
FNH:0
DA:2,1
DA:3,1
LF:2
LH:2
BRF:0
BRH:0
end_of_record
TN:
SF:/Users/stevebrudz/Dev/aframe-geo-projection-component/src/components/outlineRenderer.js
FN:19,(anonymous_0)
FN:26,(anonymous_1)
FN:39,(anonymous_2)
FN:47,(anonymous_3)
FNF:4
FNH:4
FNDA:16,(anonymous_0)
FNDA:19,(anonymous_1)
FNDA:18,(anonymous_2)
FNDA:7,(anonymous_3)
DA:3,1
DA:4,1
DA:9,1
DA:20,16
DA:21,16
DA:22,16
DA:23,16
DA:27,19
DA:28,19
DA:29,1
DA:31,18
DA:34,19
DA:35,1
DA:40,18
DA:41,18
DA:42,18
DA:43,7
DA:48,7
DA:49,7
DA:51,7
DA:52,7
DA:53,7
DA:54,7
DA:55,7
DA:56,7
LF:25
LH:25
BRDA:27,0,0,19
BRDA:27,0,1,0
BRDA:28,1,0,1
BRDA:28,1,1,18
BRDA:34,2,0,1
BRDA:34,2,1,18
BRDA:42,3,0,7
BRDA:42,3,1,11
BRF:8
BRH:7
end_of_record
TN:
SF:/Users/stevebrudz/Dev/aframe-geo-projection-component/src/components/shapeRenderer.js
FN:19,(anonymous_0)
FN:26,(anonymous_1)
FN:35,(anonymous_2)
FN:43,(anonymous_3)
FNF:4
FNH:4
FNDA:16,(anonymous_0)
FNDA:18,(anonymous_1)
FNDA:18,(anonymous_2)
FNDA:8,(anonymous_3)
DA:3,1
DA:4,1
DA:9,1
DA:20,16
DA:21,16
DA:22,16
DA:23,16
DA:27,18
DA:28,17
DA:30,1
DA:31,1
DA:36,18
DA:37,18
DA:38,18
DA:39,8
DA:44,8
DA:45,8
DA:46,8
DA:48,8
DA:49,8
DA:50,8
DA:51,8
DA:53,8
LF:23
LH:23
BRDA:27,0,0,17
BRDA:27,0,1,1
BRDA:30,1,0,1
BRDA:30,1,1,0
BRDA:38,2,0,8
BRDA:38,2,1,10
BRF:6
BRH:5
end_of_record
TN:
SF:/Users/stevebrudz/Dev/aframe-geo-projection-component/src/components/extrudeRenderer.js
FN:22,(anonymous_0)
FN:29,(anonymous_1)
FN:38,(anonymous_2)
FN:46,(anonymous_3)
FNF:4
FNH:4
FNDA:19,(anonymous_0)
FNDA:22,(anonymous_1)
FNDA:21,(anonymous_2)
FNDA:9,(anonymous_3)
DA:3,1
DA:4,1
DA:9,1
DA:23,19
DA:24,19
DA:25,19
DA:26,19
DA:30,22
DA:31,20
DA:33,2
DA:34,2
DA:39,21
DA:40,21
DA:41,21
DA:42,9
DA:47,9
DA:48,9
DA:49,9
DA:51,9
DA:52,9
DA:56,9
DA:57,9
DA:58,9
DA:60,9
LF:24
LH:24
BRDA:30,0,0,20
BRDA:30,0,1,2
BRDA:33,1,0,2
BRDA:33,1,1,0
BRDA:33,2,0,2
BRDA:33,2,1,1
BRDA:41,3,0,9
BRDA:41,3,1,12
BRF:8
BRH:7
end_of_record
TN:
SF:/Users/stevebrudz/Dev/aframe-geo-projection-component/src/components/geojsonLoader.js
FN:17,(anonymous_0)
FN:22,(anonymous_1)
FN:31,(anonymous_2)
FNF:3
FNH:3
FNDA:8,(anonymous_0)
FNDA:11,(anonymous_1)
FNDA:3,(anonymous_2)
DA:3,1
DA:5,1
DA:10,1
DA:18,8
DA:19,8
DA:23,11
DA:24,8
DA:26,3
DA:27,3
DA:32,3
DA:33,3
LF:11
LH:11
BRDA:23,0,0,8
BRDA:23,0,1,3
BRDA:26,1,0,3
BRDA:26,1,1,0
BRF:4
BRH:3
end_of_record
TN:
SF:/Users/stevebrudz/Dev/aframe-geo-projection-component/src/components/topojsonLoader.js
FN:21,(anonymous_0)
FN:26,(anonymous_1)
FN:35,(anonymous_2)
FN:40,(anonymous_3)
FNF:4
FNH:4
FNDA:12,(anonymous_0)
FNDA:19,(anonymous_1)
FNDA:6,(anonymous_2)
FNDA:6,(anonymous_3)
DA:3,1
DA:4,1
DA:6,1
DA:11,1
DA:22,12
DA:23,12
DA:27,19
DA:28,14
DA:30,5
DA:31,5
DA:36,6
DA:37,5
DA:41,6
DA:42,6
DA:43,6
DA:44,2
DA:46,6
DA:47,6
DA:48,1
DA:50,5
LF:20
LH:20
BRDA:27,0,0,14
BRDA:27,0,1,5
BRDA:30,1,0,5
BRDA:30,1,1,0
BRDA:30,2,0,5
BRDA:30,2,1,1
BRDA:43,3,0,2
BRDA:43,3,1,4
BRDA:47,4,0,1
BRDA:47,4,1,5
BRF:10
BRH:9
end_of_record
