TN:
SF:/Users/stevebrudz/Dev/aframe-geo-projection-component/index.js
FN:49,(anonymous_0)
FN:57,(anonymous_1)
FN:65,(anonymous_2)
FN:74,(anonymous_3)
FN:88,(anonymous_4)
FN:98,(anonymous_5)
FNF:6
FNH:6
FNDA:29,(anonymous_0)
FNDA:30,(anonymous_1)
FNDA:4,(anonymous_2)
FNDA:4,(anonymous_3)
FNDA:6,(anonymous_4)
FNDA:26,(anonymous_5)
DA:3,1
DA:4,1
DA:5,1
DA:6,1
DA:8,1
DA:9,0
DA:11,1
DA:12,1
DA:17,1
DA:50,29
DA:58,30
DA:59,30
DA:60,30
DA:61,1
DA:66,4
DA:67,4
DA:68,4
DA:69,4
DA:75,4
DA:77,4
DA:78,4
DA:79,2
DA:80,2
DA:81,1
DA:83,2
DA:85,4
DA:89,6
DA:90,6
DA:91,6
DA:99,26
DA:100,26
DA:101,6
DA:106,1
LF:33
LH:32
BRDA:8,0,0,0
BRDA:8,0,1,1
BRDA:60,1,0,1
BRDA:60,1,1,29
BRDA:60,2,0,30
BRDA:60,2,1,1
BRDA:78,3,0,2
BRDA:78,3,1,2
BRDA:80,4,0,1
BRDA:80,4,1,1
BRDA:100,5,0,6
BRDA:100,5,1,20
BRF:12
BRH:11
end_of_record
TN:
SF:/Users/stevebrudz/Dev/aframe-geo-projection-component/src/lineBasicMaterial.js
FN:20,(anonymous_0)
FN:30,(anonymous_1)
FNF:2
FNH:0
FNDA:0,(anonymous_0)
FNDA:0,(anonymous_1)
DA:1,1
DA:3,1
DA:21,0
DA:22,0
DA:23,0
DA:24,0
DA:25,0
DA:26,0
DA:27,0
DA:28,0
DA:31,0
LF:11
LH:2
BRF:0
BRH:0
end_of_record
TN:
SF:/Users/stevebrudz/Dev/aframe-geo-projection-component/src/renderers.js
FN:14,renderToContext
FN:31,render
FN:41,createGeometry
FN:47,createMesh
FN:55,createGeometry
FN:59,createMesh
FN:67,createGeometry
FN:75,createMesh
FNF:8
FNH:8
FNDA:16,renderToContext
FNDA:16,render
FNDA:9,createGeometry
FNDA:9,createMesh
FNDA:3,createGeometry
FNDA:3,createMesh
FNDA:4,createGeometry
FNDA:4,createMesh
DA:1,1
DA:2,1
DA:4,1
DA:15,16
DA:16,16
DA:17,16
DA:18,16
DA:19,16
DA:32,16
DA:33,16
DA:34,16
DA:37,1
DA:42,9
DA:43,9
DA:44,9
DA:45,9
DA:48,9
DA:56,3
DA:57,3
DA:60,3
DA:68,4
DA:72,4
DA:73,4
DA:76,4
LF:24
LH:24
BRF:0
BRH:0
end_of_record
TN:
SF:/Users/stevebrudz/Dev/aframe-geo-projection-component/src/renderContext.js
FN:10,ThreeJSRenderContext
FN:14,beginPath
FN:18,moveTo
FN:22,lineTo
FN:26,arc
FN:30,closePath
FN:51,toShapes
FN:64,toVertices
FN:67,(anonymous_8)
FN:68,(anonymous_9)
FN:77,(anonymous_10)
FNF:11
FNH:11
FNDA:25,ThreeJSRenderContext
FNDA:1,beginPath
FNDA:16,moveTo
FNDA:37,lineTo
FNDA:1,arc
FNDA:9,closePath
FNDA:8,toShapes
FNDA:11,toVertices
FNDA:10,(anonymous_8)
FNDA:20,(anonymous_9)
FNDA:2,(anonymous_10)
DA:11,25
DA:14,1
DA:18,1
DA:19,16
DA:22,1
DA:23,37
DA:26,1
DA:27,1
DA:30,1
DA:31,9
DA:51,1
DA:52,8
DA:64,1
DA:65,11
DA:66,11
DA:67,11
DA:68,10
DA:69,20
DA:70,18
DA:71,18
DA:72,18
DA:73,18
DA:74,18
DA:75,18
DA:77,2
DA:78,2
DA:79,2
DA:80,2
DA:85,11
DA:88,1
LF:30
LH:30
BRDA:66,0,0,11
BRDA:66,0,1,10
BRDA:69,1,0,18
BRDA:69,1,1,2
BRF:4
BRH:4
end_of_record
TN:
SF:/Users/stevebrudz/Dev/aframe-geo-projection-component/src/projection.js
FN:9,(anonymous_0)
FN:25,(anonymous_1)
FN:30,(anonymous_2)
FN:45,(anonymous_3)
FN:51,(anonymous_4)
FNF:5
FNH:5
FNDA:19,(anonymous_0)
FNDA:18,(anonymous_1)
FNDA:57,(anonymous_2)
FNDA:16,(anonymous_3)
FNDA:16,(anonymous_4)
DA:1,1
DA:3,1
DA:10,19
DA:11,19
DA:12,1
DA:14,18
DA:26,18
DA:27,18
DA:29,18
DA:31,57
DA:46,16
DA:47,16
DA:50,16
DA:52,16
LF:14
LH:14
BRDA:11,0,0,1
BRDA:11,0,1,18
BRF:2
BRH:2
end_of_record
