TN:
SF:/Users/stevebrudz/Dev/aframe-geo-projection-component/index.js
FN:51,(anonymous_0)
FN:59,(anonymous_1)
FN:66,(anonymous_2)
FN:81,(anonymous_3)
FN:93,(anonymous_4)
FN:113,(anonymous_5)
FNF:6
FNH:6
FNDA:33,(anonymous_0)
FNDA:37,(anonymous_1)
FNDA:3,(anonymous_2)
FNDA:8,(anonymous_3)
FNDA:2,(anonymous_4)
FNDA:30,(anonymous_5)
DA:3,1
DA:4,1
DA:5,1
DA:7,1
DA:8,0
DA:10,1
DA:15,1
DA:52,33
DA:60,37
DA:61,37
DA:62,1
DA:67,3
DA:69,3
DA:70,3
DA:71,2
DA:72,2
DA:73,1
DA:75,2
DA:78,3
DA:82,8
DA:83,8
DA:91,8
DA:92,1
DA:93,1
DA:94,2
DA:95,0
DA:97,2
DA:98,2
DA:99,2
DA:100,2
DA:101,2
DA:104,7
DA:105,7
DA:114,30
DA:115,30
DA:116,7
LF:36
LH:34
BRDA:7,0,0,0
BRDA:7,0,1,1
BRDA:61,1,0,1
BRDA:61,1,1,36
BRDA:61,2,0,37
BRDA:61,2,1,1
BRDA:70,3,0,2
BRDA:70,3,1,1
BRDA:72,4,0,1
BRDA:72,4,1,1
BRDA:91,5,0,1
BRDA:91,5,1,7
BRDA:91,6,0,8
BRDA:91,6,1,2
BRDA:94,7,0,0
BRDA:94,7,1,2
BRDA:115,8,0,7
BRDA:115,8,1,23
BRF:18
BRH:16
end_of_record
TN:
SF:/Users/stevebrudz/Dev/aframe-geo-projection-component/src/lineBasicMaterial.js
FN:20,(anonymous_0)
FN:30,(anonymous_1)
FNF:2
FNH:0
FNDA:0,(anonymous_0)
FNDA:0,(anonymous_1)
DA:1,1
DA:3,1
DA:21,0
DA:22,0
DA:23,0
DA:24,0
DA:25,0
DA:26,0
DA:27,0
DA:28,0
DA:31,0
LF:11
LH:2
BRF:0
BRH:0
end_of_record
TN:
SF:/Users/stevebrudz/Dev/aframe-geo-projection-component/src/renderer.js
FN:21,(anonymous_0)
FNF:1
FNH:1
FNDA:28,(anonymous_0)
DA:1,1
DA:2,1
DA:3,1
DA:5,1
DA:7,1
DA:22,28
DA:23,28
DA:24,28
DA:25,28
DA:26,28
DA:27,28
DA:29,28
DA:30,28
DA:31,28
DA:32,28
DA:33,28
DA:35,28
DA:37,21
DA:38,21
DA:39,21
DA:40,21
DA:43,3
DA:44,3
DA:45,3
DA:47,3
DA:51,3
DA:52,3
DA:53,3
DA:55,1
LF:29
LH:29
BRDA:35,0,0,21
BRDA:35,0,1,3
BRDA:35,0,2,3
BRDA:35,0,3,1
BRF:4
BRH:4
end_of_record
TN:
SF:/Users/stevebrudz/Dev/aframe-geo-projection-component/src/projection.js
FN:9,(anonymous_0)
FN:25,(anonymous_1)
FN:30,(anonymous_2)
FN:45,(anonymous_3)
FN:51,(anonymous_4)
FNF:5
FNH:5
FNDA:33,(anonymous_0)
FNDA:32,(anonymous_1)
FNDA:91,(anonymous_2)
FNDA:30,(anonymous_3)
FNDA:30,(anonymous_4)
DA:1,1
DA:3,1
DA:10,33
DA:11,33
DA:12,1
DA:14,32
DA:26,32
DA:27,32
DA:29,32
DA:31,91
DA:46,30
DA:47,30
DA:50,30
DA:52,30
LF:14
LH:14
BRDA:11,0,0,1
BRDA:11,0,1,32
BRF:2
BRH:2
end_of_record
TN:
SF:/Users/stevebrudz/Dev/aframe-geo-projection-component/src/renderContext.js
FN:10,ThreeJSRenderContext
FN:14,beginPath
FN:18,moveTo
FN:22,lineTo
FN:26,arc
FN:30,closePath
FN:51,toShapes
FN:62,toVertices
FN:64,(anonymous_8)
FN:65,(anonymous_9)
FN:74,(anonymous_10)
FNF:11
FNH:11
FNDA:36,ThreeJSRenderContext
FNDA:1,beginPath
FNDA:29,moveTo
FNDA:56,lineTo
FNDA:1,arc
FNDA:12,closePath
FNDA:7,toShapes
FNDA:22,toVertices
FNDA:22,(anonymous_8)
FNDA:40,(anonymous_9)
FNDA:1,(anonymous_10)
DA:11,36
DA:14,1
DA:18,1
DA:19,29
DA:22,1
DA:23,56
DA:26,1
DA:27,1
DA:30,1
DA:31,12
DA:51,1
DA:52,7
DA:62,1
DA:63,22
DA:64,22
DA:65,22
DA:66,40
DA:67,39
DA:68,39
DA:69,39
DA:70,39
DA:71,39
DA:72,39
DA:74,1
DA:75,1
DA:76,1
DA:77,1
DA:82,22
DA:85,1
LF:29
LH:29
BRDA:66,0,0,39
BRDA:66,0,1,1
BRF:2
BRH:2
end_of_record
