TN:
SF:/Users/stevebrudz/Dev/aframe-geo-projection-component/index.js
FN:49,(anonymous_0)
FN:57,(anonymous_1)
FN:68,(anonymous_2)
FN:77,(anonymous_3)
FN:91,(anonymous_4)
FN:101,(anonymous_5)
FNF:6
FNH:6
FNDA:35,(anonymous_0)
FNDA:38,(anonymous_1)
FNDA:5,(anonymous_2)
FNDA:5,(anonymous_3)
FNDA:7,(anonymous_4)
FNDA:32,(anonymous_5)
DA:3,1
DA:4,1
DA:5,1
DA:6,1
DA:8,1
DA:9,0
DA:11,1
DA:12,1
DA:17,1
DA:50,35
DA:58,38
DA:59,38
DA:60,36
DA:62,2
DA:63,2
DA:64,2
DA:69,5
DA:70,5
DA:71,5
DA:72,4
DA:78,5
DA:80,5
DA:81,5
DA:82,2
DA:83,2
DA:84,1
DA:86,2
DA:88,5
DA:92,7
DA:93,6
DA:94,6
DA:102,32
DA:103,32
DA:104,6
DA:109,1
LF:35
LH:34
BRDA:8,0,0,0
BRDA:8,0,1,1
BRDA:59,1,0,36
BRDA:59,1,1,2
BRDA:63,2,0,2
BRDA:63,2,1,0
BRDA:81,3,0,2
BRDA:81,3,1,3
BRDA:83,4,0,1
BRDA:83,4,1,1
BRDA:103,5,0,6
BRDA:103,5,1,26
BRF:12
BRH:10
end_of_record
TN:
SF:/Users/stevebrudz/Dev/aframe-geo-projection-component/src/lineBasicMaterial.js
FN:20,(anonymous_0)
FN:30,(anonymous_1)
FNF:2
FNH:2
FNDA:31,(anonymous_0)
FNDA:62,(anonymous_1)
DA:1,1
DA:3,1
DA:21,31
DA:22,31
DA:23,31
DA:24,31
DA:25,31
DA:26,31
DA:27,31
DA:28,31
DA:31,62
LF:11
LH:11
BRF:0
BRH:0
end_of_record
TN:
SF:/Users/stevebrudz/Dev/aframe-geo-projection-component/src/renderers.js
FN:14,renderToContext
FN:31,render
FN:41,createGeometry
FN:47,createMesh
FN:55,createGeometry
FN:59,createMesh
FN:67,createGeometry
FN:75,createMesh
FNF:8
FNH:4
FNDA:6,renderToContext
FNDA:6,render
FNDA:6,createGeometry
FNDA:6,createMesh
FNDA:0,createGeometry
FNDA:0,createMesh
FNDA:0,createGeometry
FNDA:0,createMesh
DA:1,1
DA:2,1
DA:4,1
DA:15,6
DA:16,6
DA:17,6
DA:18,6
DA:19,6
DA:32,6
DA:33,6
DA:34,6
DA:37,1
DA:42,6
DA:43,6
DA:44,6
DA:45,6
DA:48,6
DA:56,0
DA:57,0
DA:60,0
DA:68,0
DA:72,0
DA:73,0
DA:76,0
LF:24
LH:17
BRF:0
BRH:0
end_of_record
TN:
SF:/Users/stevebrudz/Dev/aframe-geo-projection-component/src/renderContext.js
FN:10,ThreeJSRenderContext
FN:14,beginPath
FN:18,moveTo
FN:22,lineTo
FN:26,arc
FN:30,closePath
FN:51,toShapes
FN:64,toVertices
FN:67,(anonymous_8)
FN:68,(anonymous_9)
FN:77,(anonymous_10)
FNF:11
FNH:7
FNDA:6,ThreeJSRenderContext
FNDA:0,beginPath
FNDA:5,moveTo
FNDA:12,lineTo
FNDA:0,arc
FNDA:1,closePath
FNDA:0,toShapes
FNDA:6,toVertices
FNDA:5,(anonymous_8)
FNDA:13,(anonymous_9)
FNDA:0,(anonymous_10)
DA:11,6
DA:14,1
DA:18,1
DA:19,5
DA:22,1
DA:23,12
DA:26,1
DA:27,0
DA:30,1
DA:31,1
DA:51,1
DA:52,0
DA:64,1
DA:65,6
DA:66,6
DA:67,6
DA:68,5
DA:69,13
DA:70,13
DA:71,13
DA:72,13
DA:73,13
DA:74,13
DA:75,13
DA:77,0
DA:78,0
DA:79,0
DA:80,0
DA:85,6
DA:88,1
LF:30
LH:24
BRDA:66,0,0,6
BRDA:66,0,1,6
BRDA:69,1,0,13
BRDA:69,1,1,0
BRF:4
BRH:3
end_of_record
TN:
SF:/Users/stevebrudz/Dev/aframe-geo-projection-component/src/projection.js
FN:9,(anonymous_0)
FN:25,(anonymous_1)
FN:30,(anonymous_2)
FN:45,(anonymous_3)
FN:51,(anonymous_4)
FNF:5
FNH:5
FNDA:5,(anonymous_0)
FNDA:5,(anonymous_1)
FNDA:15,(anonymous_2)
FNDA:5,(anonymous_3)
FNDA:4,(anonymous_4)
DA:1,1
DA:3,1
DA:10,5
DA:11,5
DA:12,0
DA:14,5
DA:26,5
DA:27,5
DA:29,5
DA:31,15
DA:46,5
DA:47,5
DA:50,5
DA:52,4
LF:14
LH:13
BRDA:11,0,0,0
BRDA:11,0,1,5
BRF:2
BRH:1
end_of_record
TN:
SF:/Users/stevebrudz/Dev/aframe-geo-projection-component/src/outlineRenderer.js
FN:18,(anonymous_0)
FN:24,(anonymous_1)
FN:37,(anonymous_2)
FN:45,(anonymous_3)
FNF:4
FNH:3
FNDA:5,(anonymous_0)
FNDA:5,(anonymous_1)
FNDA:4,(anonymous_2)
FNDA:0,(anonymous_3)
DA:3,1
DA:8,1
DA:19,5
DA:20,5
DA:21,5
DA:25,5
DA:26,5
DA:27,0
DA:29,5
DA:32,5
DA:33,0
DA:38,4
DA:39,4
DA:40,4
DA:41,0
DA:46,0
DA:47,0
DA:49,0
DA:50,0
DA:51,0
DA:52,0
DA:53,0
DA:54,0
LF:23
LH:12
BRDA:25,0,0,5
BRDA:25,0,1,0
BRDA:26,1,0,0
BRDA:26,1,1,5
BRDA:32,2,0,0
BRDA:32,2,1,5
BRDA:40,3,0,0
BRDA:40,3,1,4
BRF:8
BRH:4
end_of_record
